<?xml version="1.0" encoding="UTF-8"?>
<testsuites>
    <testsuite name="as-an-user-i-want-to-view-the-most-popular-tv-shows-so-that-i-can-see-what-tv-shows-are-popular.;open-menu." tests="3" failures="0" skipped="3">
        <properties>
            <property name="URI" value="C:\Users\LadyQuinn\Desktop\testporjekt\IJJO\features\most-popular-tv-shows.feature">
            </property>
        </properties>
        <testcase name="Given that I am on the IMDB site." classname="as-an-user-i-want-to-view-the-most-popular-tv-shows-so-that-i-can-see-what-tv-shows-are-popular.;open-menu.">
            <skipped message="">
            </skipped>
        </testcase>
        <testcase name="When I click on the Menu button." classname="as-an-user-i-want-to-view-the-most-popular-tv-shows-so-that-i-can-see-what-tv-shows-are-popular.;open-menu.">
            <skipped message="">
            </skipped>
        </testcase>
        <testcase name="Then I would like to see the menu of what IMDB has to offer." classname="as-an-user-i-want-to-view-the-most-popular-tv-shows-so-that-i-can-see-what-tv-shows-are-popular.;open-menu.">
            <skipped message="">
            </skipped>
        </testcase>
    </testsuite>
    <testsuite name="as-an-user-i-want-to-view-the-most-popular-tv-shows-so-that-i-can-see-what-tv-shows-are-popular.;view-a-list-of-the-most-popular-shows." tests="3" failures="0" skipped="3">
        <properties>
            <property name="URI" value="C:\Users\LadyQuinn\Desktop\testporjekt\IJJO\features\most-popular-tv-shows.feature">
            </property>
        </properties>
        <testcase name="Given that I am on the IMDB site." classname="as-an-user-i-want-to-view-the-most-popular-tv-shows-so-that-i-can-see-what-tv-shows-are-popular.;view-a-list-of-the-most-popular-shows.">
            <skipped message="">
            </skipped>
        </testcase>
        <testcase name="When I click on the text ”Most popular TV shows”." classname="as-an-user-i-want-to-view-the-most-popular-tv-shows-so-that-i-can-see-what-tv-shows-are-popular.;view-a-list-of-the-most-popular-shows.">
            <skipped message="">
            </skipped>
        </testcase>
        <testcase name="Then I should see a list of the Most popular TV shows." classname="as-an-user-i-want-to-view-the-most-popular-tv-shows-so-that-i-can-see-what-tv-shows-are-popular.;view-a-list-of-the-most-popular-shows.">
            <skipped message="">
            </skipped>
        </testcase>
    </testsuite>
</testsuites>