<?xml version="1.0" encoding="UTF-8"?>
<testsuites>
    <testsuite name="i-want-to-see-if-the-help-center-search-bar-works-when-i-search-for-ratings.;search-for-ratings-in-help-center-bar." tests="3" failures="0" skipped="0">
        <properties>
            <property name="URI" value="C:\Users\Jonas HÃ¶glund\Desktop\IJJO\features\help-center-bar.feature">
            </property>
        </properties>
        <testcase name="Given that i have clicked on the menu and chosen Help center" classname="i-want-to-see-if-the-help-center-search-bar-works-when-i-search-for-ratings.;search-for-ratings-in-help-center-bar." time="6.3150983">
        </testcase>
        <testcase name="When I type &quot;ratings&quot; in the help center bar" classname="i-want-to-see-if-the-help-center-search-bar-works-when-i-search-for-ratings.;search-for-ratings-in-help-center-bar." time="3.058501601">
        </testcase>
        <testcase name="Then I should get related topics concerning ratings" classname="i-want-to-see-if-the-help-center-search-bar-works-when-i-search-for-ratings.;search-for-ratings-in-help-center-bar." time="0.0002788">
        </testcase>
    </testsuite>
</testsuites>