<?xml version="1.0" encoding="UTF-8"?>
<testsuites>
    <testsuite name="check-if-todays-5-first-birthdays-are-the-same-as-on-wikipedia-in-celeb---born-today;cross-check-our-date-of-birth-with-the-celebertys-wikipedia-pages" tests="6" failures="0" skipped="0">
        <properties>
            <property name="URI" value="/Users/oscartideback/Documents/code/VStudio/imdbTest/IJJO/features/check-birthday.feature">
            </property>
        </properties>
        <testcase name="When I browse to Birth Month Day of todays" classname="check-if-todays-5-first-birthdays-are-the-same-as-on-wikipedia-in-celeb---born-today;cross-check-our-date-of-birth-with-the-celebertys-wikipedia-pages" time="16.839010286">
        </testcase>
        <testcase name="Then the first 5 names should be saved to a list" classname="check-if-todays-5-first-birthdays-are-the-same-as-on-wikipedia-in-celeb---born-today;cross-check-our-date-of-birth-with-the-celebertys-wikipedia-pages" time="0.027428556">
        </testcase>
        <testcase name="And if the list contains white space replace that with _" classname="check-if-todays-5-first-birthdays-are-the-same-as-on-wikipedia-in-celeb---born-today;cross-check-our-date-of-birth-with-the-celebertys-wikipedia-pages" time="0.13926346">
        </testcase>
        <testcase name="And add &quot;https://en.wikipedia.org/wiki/&quot; before the name" classname="check-if-todays-5-first-birthdays-are-the-same-as-on-wikipedia-in-celeb---born-today;cross-check-our-date-of-birth-with-the-celebertys-wikipedia-pages" time="0.000295932">
        </testcase>
        <testcase name="And browse to that page" classname="check-if-todays-5-first-birthdays-are-the-same-as-on-wikipedia-in-celeb---born-today;cross-check-our-date-of-birth-with-the-celebertys-wikipedia-pages" time="0.00161893">
        </testcase>
        <testcase name="And find birthday on that page and check if it is today" classname="check-if-todays-5-first-birthdays-are-the-same-as-on-wikipedia-in-celeb---born-today;cross-check-our-date-of-birth-with-the-celebertys-wikipedia-pages" time="11.255890161">
        </testcase>
    </testsuite>
</testsuites>