<?xml version="1.0" encoding="UTF-8"?>
<testsuites>
    <testsuite name="as-an-user-i-want-to-search-for-a-movie-called-&quot;how-to-lose-a-guy-in-10-days&quot;;search-by-a-keyword" tests="4" failures="0" skipped="0">
        <properties>
            <property name="URI" value="C:\Users\LadyQuinn\Desktop\testporjekt\IJJO\features\search-movie.feature">
            </property>
        </properties>
        <testcase name="Given that I am on the IMDB site" classname="as-an-user-i-want-to-search-for-a-movie-called-&quot;how-to-lose-a-guy-in-10-days&quot;;search-by-a-keyword" time="6.6585736">
        </testcase>
        <testcase name="When I enter the search text &quot;How to lose a guy in 10 Days&quot;" classname="as-an-user-i-want-to-search-for-a-movie-called-&quot;how-to-lose-a-guy-in-10-days&quot;;search-by-a-keyword" time="0.0155989">
        </testcase>
        <testcase name="And I click on the search button" classname="as-an-user-i-want-to-search-for-a-movie-called-&quot;how-to-lose-a-guy-in-10-days&quot;;search-by-a-keyword" time="2.822584399">
        </testcase>
        <testcase name="Then the first search result should contain the word &quot;How to Lose a Guy in 10 Days&quot;" classname="as-an-user-i-want-to-search-for-a-movie-called-&quot;how-to-lose-a-guy-in-10-days&quot;;search-by-a-keyword" time="0.050323201">
        </testcase>
    </testsuite>
    <testsuite name="as-an-user-i-want-to-search-for-a-movie-called-&quot;how-to-lose-a-guy-in-10-days&quot;;when-a-keyword-is-entered-in-the-search-field" tests="3" failures="0" skipped="0">
        <properties>
            <property name="URI" value="C:\Users\LadyQuinn\Desktop\testporjekt\IJJO\features\search-movie.feature">
            </property>
        </properties>
        <testcase name="Given that I am on the IMDB site" classname="as-an-user-i-want-to-search-for-a-movie-called-&quot;how-to-lose-a-guy-in-10-days&quot;;when-a-keyword-is-entered-in-the-search-field" time="6.7012885">
        </testcase>
        <testcase name="When I enter the search text &quot;How to lose a guy in 10 Days&quot; + ENTER" classname="as-an-user-i-want-to-search-for-a-movie-called-&quot;how-to-lose-a-guy-in-10-days&quot;;when-a-keyword-is-entered-in-the-search-field" time="0.1366043">
        </testcase>
        <testcase name="Then the first search result should contain the word &quot;How to Lose a Guy in 10 Days&quot;" classname="as-an-user-i-want-to-search-for-a-movie-called-&quot;how-to-lose-a-guy-in-10-days&quot;;when-a-keyword-is-entered-in-the-search-field" time="0.661671">
        </testcase>
    </testsuite>
</testsuites>