<?xml version="1.0" encoding="UTF-8"?>
<testsuites>
    <testsuite name="can-i-as-a-contributor-add-cast&amp;crew-information-to-suits;add-data-to-suits-cast&amp;crew-section" tests="6" failures="0" skipped="3">
        <properties>
            <property name="URI" value="/Users/jasminkasravi/Desktop/untitled folder/IJJO/features/cast-crew.feature">
            </property>
        </properties>
        <testcase name="Given that I am on the Suits page" classname="can-i-as-a-contributor-add-cast&amp;crew-information-to-suits;add-data-to-suits-cast&amp;crew-section" time="22.832218247">
        </testcase>
        <testcase name="And that I have clicked the Edit button" classname="can-i-as-a-contributor-add-cast&amp;crew-information-to-suits;add-data-to-suits-cast&amp;crew-section" time="7.349048271">
        </testcase>
        <testcase name="And that I haved chosen wanted Cast in Cast&amp;Crew and clicked on the continue button" classname="can-i-as-a-contributor-add-cast&amp;crew-information-to-suits;add-data-to-suits-cast&amp;crew-section" time="13.470303708">
        </testcase>
        <testcase name="When I add data in Gabriel Macht,Episode Errors and Omissions (#1.2),Harvey Specter and click button check these updates" classname="can-i-as-a-contributor-add-cast&amp;crew-information-to-suits;add-data-to-suits-cast&amp;crew-section">
            <skipped message="">
            </skipped>
        </testcase>
        <testcase name="And I click the button Submit these updates" classname="can-i-as-a-contributor-add-cast&amp;crew-information-to-suits;add-data-to-suits-cast&amp;crew-section">
            <skipped message="">
            </skipped>
        </testcase>
        <testcase name="Then the data I have submitted in Gabriel Macht, Episode Errors and Omissions (#1.2), Harvey Specter should be sent" classname="can-i-as-a-contributor-add-cast&amp;crew-information-to-suits;add-data-to-suits-cast&amp;crew-section">
            <skipped message="">
            </skipped>
        </testcase>
    </testsuite>
</testsuites>