<?xml version="1.0" encoding="UTF-8"?>
<testsuites>
    <testsuite name="as-a-user-i-would-like-to-be-able-to-add-random-film-to-my-watchlist-so-i-can-save-them-for-later;when-i-have-signed-in,-i-would-like-to-add-tom-my-watchlist" tests="5" failures="0" skipped="0">
        <properties>
            <property name="URI" value="/Users/oscartideback/Documents/code/VStudio/imdbTest/IJJO/features/add-to-watchlist.feature">
            </property>
        </properties>
        <testcase name="When I have signed in to the page" classname="as-a-user-i-would-like-to-be-able-to-add-random-film-to-my-watchlist-so-i-can-save-them-for-later;when-i-have-signed-in,-i-would-like-to-add-tom-my-watchlist" time="17.65973075">
        </testcase>
        <testcase name="Then click add to watchlist on the first move on page" classname="as-a-user-i-would-like-to-be-able-to-add-random-film-to-my-watchlist-so-i-can-save-them-for-later;when-i-have-signed-in,-i-would-like-to-add-tom-my-watchlist" time="3.812443438">
        </testcase>
        <testcase name="And save that movie name" classname="as-a-user-i-would-like-to-be-able-to-add-random-film-to-my-watchlist-so-i-can-save-them-for-later;when-i-have-signed-in,-i-would-like-to-add-tom-my-watchlist" time="0.042043946">
        </testcase>
        <testcase name="And browse to my watchlist" classname="as-a-user-i-would-like-to-be-able-to-add-random-film-to-my-watchlist-so-i-can-save-them-for-later;when-i-have-signed-in,-i-would-like-to-add-tom-my-watchlist" time="2.304444523">
        </testcase>
        <testcase name="And the same movie should be present" classname="as-a-user-i-would-like-to-be-able-to-add-random-film-to-my-watchlist-so-i-can-save-them-for-later;when-i-have-signed-in,-i-would-like-to-add-tom-my-watchlist" time="0.211839769">
        </testcase>
    </testsuite>
</testsuites>