<?xml version="1.0" encoding="UTF-8"?>
<testsuites>
    <testsuite name="see-the-page-to-the-top-5-actors-born-on-august-5th;test-celebrity-home-pages-from-birthdaysite" tests="3" failures="0" skipped="0">
        <properties>
            <property name="URI" value="/Users/jasminkasravi/Desktop/untitled folder/IJJO/features/search-celebrity-birthday.feature">
            </property>
        </properties>
        <testcase name="Given that I am on the Birth Month Day of August 5th" classname="see-the-page-to-the-top-5-actors-born-on-august-5th;test-celebrity-home-pages-from-birthdaysite" time="7.868833119">
        </testcase>
        <testcase name="When I click on a headline with the name &quot;Janet McTeer&quot;" classname="see-the-page-to-the-top-5-actors-born-on-august-5th;test-celebrity-home-pages-from-birthdaysite" time="3.601900516">
        </testcase>
        <testcase name="Then I should be taken to a page about the actor &quot;Janet McTeer&quot;" classname="see-the-page-to-the-top-5-actors-born-on-august-5th;test-celebrity-home-pages-from-birthdaysite" time="3.157834189">
        </testcase>
    </testsuite>
    <testsuite name="see-the-page-to-the-top-5-actors-born-on-august-5th;test-celebrity-home-pages-from-birthdaysite" tests="3" failures="0" skipped="0">
        <properties>
            <property name="URI" value="/Users/jasminkasravi/Desktop/untitled folder/IJJO/features/search-celebrity-birthday.feature">
            </property>
        </properties>
        <testcase name="Given that I am on the Birth Month Day of August 5th" classname="see-the-page-to-the-top-5-actors-born-on-august-5th;test-celebrity-home-pages-from-birthdaysite" time="7.523661609">
        </testcase>
        <testcase name="When I click on a headline with the name &quot;Mark Strong&quot;" classname="see-the-page-to-the-top-5-actors-born-on-august-5th;test-celebrity-home-pages-from-birthdaysite" time="4.913928466">
        </testcase>
        <testcase name="Then I should be taken to a page about the actor &quot;Mark Strong&quot;" classname="see-the-page-to-the-top-5-actors-born-on-august-5th;test-celebrity-home-pages-from-birthdaysite" time="3.16553654">
        </testcase>
    </testsuite>
    <testsuite name="see-the-page-to-the-top-5-actors-born-on-august-5th;test-celebrity-home-pages-from-birthdaysite" tests="3" failures="0" skipped="0">
        <properties>
            <property name="URI" value="/Users/jasminkasravi/Desktop/untitled folder/IJJO/features/search-celebrity-birthday.feature">
            </property>
        </properties>
        <testcase name="Given that I am on the Birth Month Day of August 5th" classname="see-the-page-to-the-top-5-actors-born-on-august-5th;test-celebrity-home-pages-from-birthdaysite" time="6.795684754">
        </testcase>
        <testcase name="When I click on a headline with the name &quot;Jesse Williams&quot;" classname="see-the-page-to-the-top-5-actors-born-on-august-5th;test-celebrity-home-pages-from-birthdaysite" time="5.715322695">
        </testcase>
        <testcase name="Then I should be taken to a page about the actor &quot;Jesse Williams&quot;" classname="see-the-page-to-the-top-5-actors-born-on-august-5th;test-celebrity-home-pages-from-birthdaysite" time="3.146794174">
        </testcase>
    </testsuite>
    <testsuite name="see-the-page-to-the-top-5-actors-born-on-august-5th;test-celebrity-home-pages-from-birthdaysite" tests="3" failures="0" skipped="0">
        <properties>
            <property name="URI" value="/Users/jasminkasravi/Desktop/untitled folder/IJJO/features/search-celebrity-birthday.feature">
            </property>
        </properties>
        <testcase name="Given that I am on the Birth Month Day of August 5th" classname="see-the-page-to-the-top-5-actors-born-on-august-5th;test-celebrity-home-pages-from-birthdaysite" time="7.453234276">
        </testcase>
        <testcase name="When I click on a headline with the name &quot;Stephanie Szostak&quot;" classname="see-the-page-to-the-top-5-actors-born-on-august-5th;test-celebrity-home-pages-from-birthdaysite" time="4.543700703">
        </testcase>
        <testcase name="Then I should be taken to a page about the actor &quot;Stephanie Szostak&quot;" classname="see-the-page-to-the-top-5-actors-born-on-august-5th;test-celebrity-home-pages-from-birthdaysite" time="3.200624917">
        </testcase>
    </testsuite>
    <testsuite name="see-the-page-to-the-top-5-actors-born-on-august-5th;test-celebrity-home-pages-from-birthdaysite" tests="3" failures="0" skipped="0">
        <properties>
            <property name="URI" value="/Users/jasminkasravi/Desktop/untitled folder/IJJO/features/search-celebrity-birthday.feature">
            </property>
        </properties>
        <testcase name="Given that I am on the Birth Month Day of August 5th" classname="see-the-page-to-the-top-5-actors-born-on-august-5th;test-celebrity-home-pages-from-birthdaysite" time="6.881363824">
        </testcase>
        <testcase name="When I click on a headline with the name &quot;James Gunn&quot;" classname="see-the-page-to-the-top-5-actors-born-on-august-5th;test-celebrity-home-pages-from-birthdaysite" time="4.68785119">
        </testcase>
        <testcase name="Then I should be taken to a page about the actor &quot;James Gunn&quot;" classname="see-the-page-to-the-top-5-actors-born-on-august-5th;test-celebrity-home-pages-from-birthdaysite" time="3.180832211">
        </testcase>
    </testsuite>
</testsuites>